#
# There is insufficient memory for the Java Runtime Environment to continue.
# Native memory allocation (malloc) failed to allocate 1259376 bytes for Chunk::new
# Possible reasons:
#   The system is out of physical RAM or swap space
#   The process is running with CompressedOops enabled, and the Java Heap may be blocking the growth of the native heap
# Possible solutions:
#   Reduce memory load on the system
#   Increase physical memory or swap space
#   Check if swap backing store is full
#   Decrease Java heap size (-Xmx/-Xms)
#   Decrease number of Java threads
#   Decrease Java thread stack sizes (-Xss)
#   Set larger code cache with -XX:ReservedCodeCacheSize=
#   JVM is running with Unscaled Compressed Oops mode in which the Java heap is
#     placed in the first 4GB address space. The Java Heap base address is the
#     maximum limit for the native heap growth. Please use -XX:HeapBaseMinAddress
#     to set the Java Heap base and to place the Java Heap above 4GB virtual address.
# This output file may be truncated or incomplete.
#
#  Out of Memory Error (./src/hotspot/share/memory/arena.cpp:197), pid=14692, tid=24968
#
# JRE version: OpenJDK Runtime Environment (11.0.10) (build 11.0.10+0-b96-7249189)
# Java VM: OpenJDK 64-Bit Server VM (11.0.10+0-b96-7249189, mixed mode, tiered, compressed oops, g1 gc, windows-amd64)
# No core dump will be written. Minidumps are not enabled by default on client versions of Windows
#

---------------  S U M M A R Y ------------

Command Line: --add-opens=java.base/java.util=ALL-UNNAMED --add-opens=java.base/java.lang=ALL-UNNAMED --add-opens=java.base/java.lang.invoke=ALL-UNNAMED --add-opens=java.base/java.util=ALL-UNNAMED --add-opens=java.prefs/java.util.prefs=ALL-UNNAMED --add-opens=java.prefs/java.util.prefs=ALL-UNNAMED --add-opens=java.base/java.nio.charset=ALL-UNNAMED --add-opens=java.base/java.net=ALL-UNNAMED --add-opens=java.base/java.util.concurrent.atomic=ALL-UNNAMED -Xmx2048m -Dfile.encoding=UTF-8 -Duser.country=CO -Duser.language=es -Duser.variant org.gradle.launcher.daemon.bootstrap.GradleDaemon 7.0.2

Host: AMD Ryzen 5 3500U with Radeon Vega Mobile Gfx  , 8 cores, 5G,  Windows 10 , 64 bit Build 19041 (10.0.19041.1202)
Time: Tue Nov  9 11:59:04 2021 Hora est. Pacífico, Sudamérica elapsed time: 38.970062 seconds (0d 0h 0m 38s)

---------------  T H R E A D  ---------------

Current thread (0x00000275718c1000):  JavaThread "C2 CompilerThread0" daemon [_thread_in_native, id=24968, stack(0x000000db26400000,0x000000db26500000)]


Current CompileTask:
C2:  38970 14868       4       org.gradle.internal.reflect.ClassInspector::inspectClass (179 bytes)

Stack: [0x000000db26400000,0x000000db26500000]
Native frames: (J=compiled Java code, j=interpreted, Vv=VM code, C=native code)
V  [jvm.dll+0x5ecfaa]
V  [jvm.dll+0x722bd5]
V  [jvm.dll+0x72412d]
V  [jvm.dll+0x7247e3]
V  [jvm.dll+0x242928]
V  [jvm.dll+0xbc4fc]
V  [jvm.dll+0xbca0c]
V  [jvm.dll+0x352d3b]
V  [jvm.dll+0x320ad3]
V  [jvm.dll+0x31ffca]
V  [jvm.dll+0x1fb602]
V  [jvm.dll+0x1fa7f4]
V  [jvm.dll+0x18354c]
V  [jvm.dll+0x208ee7]
V  [jvm.dll+0x207731]
V  [jvm.dll+0x6eb1cf]
V  [jvm.dll+0x6e3d45]
V  [jvm.dll+0x5ebe96]
C  [ucrtbase.dll+0x21bb2]
C  [KERNEL32.DLL+0x17034]
C  [ntdll.dll+0x52651]


---------------  P R O C E S S  ---------------

Threads class SMR info:
_java_thread_list=0x0000027579e7e480, length=41, elements={
0x000002755744f000, 0x0000027571899800, 0x000002757189a800, 0x00000275718b3000,
0x00000275718b4000, 0x00000275718b7800, 0x00000275718c1000, 0x00000275718c9800,
0x00000275718cd000, 0x000002757238f000, 0x0000027574f20000, 0x000002757391c000,
0x0000027574505800, 0x000002757350e000, 0x00000275739fb000, 0x00000275758a1800,
0x0000027573688800, 0x00000275737ba800, 0x000002757474f800, 0x000002757474a800,
0x000002757474b000, 0x000002757474e800, 0x0000027574749800, 0x00000275758c2000,
0x00000275758c5800, 0x00000275758c8800, 0x00000275758c6800, 0x00000275758cd000,
0x0000027577c4a800, 0x0000027577c4c000, 0x0000027577c4d800, 0x0000027577c4c800,
0x0000027577c50000, 0x0000027577c4b000, 0x000002757896d000, 0x0000027578967000,
0x0000027578968000, 0x0000027578972800, 0x0000027578973800, 0x000002757896d800,
0x000002757896e800
}

Java Threads: ( => current thread )
  0x000002755744f000 JavaThread "main" [_thread_blocked, id=14816, stack(0x000000db25800000,0x000000db25900000)]
  0x0000027571899800 JavaThread "Reference Handler" daemon [_thread_blocked, id=23888, stack(0x000000db25f00000,0x000000db26000000)]
  0x000002757189a800 JavaThread "Finalizer" daemon [_thread_blocked, id=6744, stack(0x000000db26000000,0x000000db26100000)]
  0x00000275718b3000 JavaThread "Signal Dispatcher" daemon [_thread_blocked, id=24400, stack(0x000000db26100000,0x000000db26200000)]
  0x00000275718b4000 JavaThread "Attach Listener" daemon [_thread_blocked, id=1408, stack(0x000000db26200000,0x000000db26300000)]
  0x00000275718b7800 JavaThread "Service Thread" daemon [_thread_blocked, id=23056, stack(0x000000db26300000,0x000000db26400000)]
=>0x00000275718c1000 JavaThread "C2 CompilerThread0" daemon [_thread_in_native, id=24968, stack(0x000000db26400000,0x000000db26500000)]
  0x00000275718c9800 JavaThread "C1 CompilerThread0" daemon [_thread_blocked, id=3132, stack(0x000000db26500000,0x000000db26600000)]
  0x00000275718cd000 JavaThread "Sweeper thread" daemon [_thread_blocked, id=1100, stack(0x000000db26600000,0x000000db26700000)]
  0x000002757238f000 JavaThread "Common-Cleaner" daemon [_thread_blocked, id=2212, stack(0x000000db26700000,0x000000db26800000)]
  0x0000027574f20000 JavaThread "Daemon health stats" [_thread_blocked, id=24528, stack(0x000000db26c00000,0x000000db26d00000)]
  0x000002757391c000 JavaThread "Incoming local TCP Connector on port 57192" [_thread_in_native, id=15960, stack(0x000000db26900000,0x000000db26a00000)]
  0x0000027574505800 JavaThread "Daemon periodic checks" [_thread_blocked, id=23868, stack(0x000000db26a00000,0x000000db26b00000)]
  0x000002757350e000 JavaThread "Daemon" [_thread_blocked, id=16288, stack(0x000000db26f00000,0x000000db27000000)]
  0x00000275739fb000 JavaThread "Handler for socket connection from /127.0.0.1:57192 to /127.0.0.1:57193" [_thread_in_native, id=10508, stack(0x000000db27000000,0x000000db27100000)]
  0x00000275758a1800 JavaThread "Cancel handler" [_thread_blocked, id=16852, stack(0x000000db27100000,0x000000db27200000)]
  0x0000027573688800 JavaThread "Daemon worker" [_thread_blocked, id=14780, stack(0x000000db27200000,0x000000db27300000)]
  0x00000275737ba800 JavaThread "Asynchronous log dispatcher for DefaultDaemonConnection: socket connection from /127.0.0.1:57192 to /127.0.0.1:57193" [_thread_blocked, id=24084, stack(0x000000db27400000,0x000000db27500000)]
  0x000002757474f800 JavaThread "Cache worker for file hash cache (C:\Users\Jhon Bartolo\.gradle\caches\7.0.2\fileHashes)" [_thread_blocked, id=19620, stack(0x000000db27300000,0x000000db27400000)]
  0x000002757474a800 JavaThread "File lock request listener" [_thread_in_native, id=19704, stack(0x000000db27700000,0x000000db27800000)]
  0x000002757474b000 JavaThread "Cache worker for journal cache (C:\Users\Jhon Bartolo\.gradle\caches\journal-1)" [_thread_blocked, id=24744, stack(0x000000db27d00000,0x000000db27e00000)]
  0x000002757474e800 JavaThread "File watcher server" daemon [_thread_in_native, id=5368, stack(0x000000db28000000,0x000000db28100000)]
  0x0000027574749800 JavaThread "File watcher consumer" daemon [_thread_blocked, id=16512, stack(0x000000db28100000,0x000000db28200000)]
  0x00000275758c2000 JavaThread "Cache worker for execution history cache (C:\Users\Jhon Bartolo\.gradle\caches\7.0.2\executionHistory)" [_thread_blocked, id=13680, stack(0x000000db28500000,0x000000db28600000)]
  0x00000275758c5800 JavaThread "jar transforms" [_thread_blocked, id=15148, stack(0x000000db28600000,0x000000db28700000)]
  0x00000275758c8800 JavaThread "jar transforms Thread 2" [_thread_blocked, id=10704, stack(0x000000db28700000,0x000000db28800000)]
  0x00000275758c6800 JavaThread "Cache worker for file content cache (C:\Users\Jhon Bartolo\.gradle\caches\7.0.2\fileContent)" [_thread_blocked, id=16292, stack(0x000000db28800000,0x000000db28900000)]
  0x00000275758cd000 JavaThread "jar transforms Thread 3" [_thread_blocked, id=9376, stack(0x000000db28a00000,0x000000db28b00000)]
  0x0000027577c4a800 JavaThread "jar transforms Thread 4" [_thread_blocked, id=12248, stack(0x000000db29400000,0x000000db29500000)]
  0x0000027577c4c000 JavaThread "jar transforms Thread 5" [_thread_blocked, id=19880, stack(0x000000db29500000,0x000000db29600000)]
  0x0000027577c4d800 JavaThread "jar transforms Thread 6" [_thread_blocked, id=14596, stack(0x000000db29600000,0x000000db29700000)]
  0x0000027577c4c800 JavaThread "jar transforms Thread 7" [_thread_blocked, id=4104, stack(0x000000db29700000,0x000000db29800000)]
  0x0000027577c50000 JavaThread "jar transforms Thread 8" [_thread_blocked, id=13724, stack(0x000000db29800000,0x000000db29900000)]
  0x0000027577c4b000 JavaThread "Memory manager" [_thread_blocked, id=15304, stack(0x000000db29900000,0x000000db29a00000)]
  0x000002757896d000 JavaThread "ForkJoinPool.commonPool-worker-3" daemon [_thread_blocked, id=18012, stack(0x000000db2ae00000,0x000000db2af00000)]
  0x0000027578967000 JavaThread "ForkJoinPool.commonPool-worker-5" daemon [_thread_blocked, id=20436, stack(0x000000db2af00000,0x000000db2b000000)]
  0x0000027578968000 JavaThread "ForkJoinPool.commonPool-worker-7" daemon [_thread_blocked, id=21360, stack(0x000000db2b000000,0x000000db2b100000)]
  0x0000027578972800 JavaThread "ForkJoinPool.commonPool-worker-9" daemon [_thread_blocked, id=8596, stack(0x000000db2b100000,0x000000db2b200000)]
  0x0000027578973800 JavaThread "ForkJoinPool.commonPool-worker-11" daemon [_thread_blocked, id=24472, stack(0x000000db2b200000,0x000000db2b300000)]
  0x000002757896d800 JavaThread "ForkJoinPool.commonPool-worker-13" daemon [_thread_blocked, id=20636, stack(0x000000db2b300000,0x000000db2b400000)]
  0x000002757896e800 JavaThread "ForkJoinPool.commonPool-worker-15" daemon [_thread_blocked, id=23520, stack(0x000000db2b400000,0x000000db2b500000)]

Other Threads:
  0x0000027571893800 VMThread "VM Thread" [stack: 0x000000db25e00000,0x000000db25f00000] [id=12564]
  0x00000275723bc000 WatcherThread [stack: 0x000000db26800000,0x000000db26900000] [id=17320]
  0x0000027557466800 GCTaskThread "GC Thread#0" [stack: 0x000000db25900000,0x000000db25a00000] [id=10884]
  0x0000027572813000 GCTaskThread "GC Thread#1" [stack: 0x000000db26b00000,0x000000db26c00000] [id=2148]
  0x0000027573b19000 GCTaskThread "GC Thread#2" [stack: 0x000000db26d00000,0x000000db26e00000] [id=12772]
  0x000002757451f000 GCTaskThread "GC Thread#3" [stack: 0x000000db26e00000,0x000000db26f00000] [id=23940]
  0x000002757589e800 GCTaskThread "GC Thread#4" [stack: 0x000000db27800000,0x000000db27900000] [id=24848]
  0x00000275730f6000 GCTaskThread "GC Thread#5" [stack: 0x000000db27900000,0x000000db27a00000] [id=12856]
  0x0000027573d91800 GCTaskThread "GC Thread#6" [stack: 0x000000db27a00000,0x000000db27b00000] [id=23684]
  0x0000027573366800 GCTaskThread "GC Thread#7" [stack: 0x000000db27b00000,0x000000db27c00000] [id=3108]
  0x0000027557499800 ConcurrentGCThread "G1 Main Marker" [stack: 0x000000db25a00000,0x000000db25b00000] [id=10888]
  0x000002755749b000 ConcurrentGCThread "G1 Conc#0" [stack: 0x000000db25b00000,0x000000db25c00000] [id=19648]
  0x0000027573196800 ConcurrentGCThread "G1 Conc#1" [stack: 0x000000db27c00000,0x000000db27d00000] [id=6688]
  0x0000027557523800 ConcurrentGCThread "G1 Refine#0" [stack: 0x000000db25c00000,0x000000db25d00000] [id=18744]
  0x0000027557524800 ConcurrentGCThread "G1 Young RemSet Sampling" [stack: 0x000000db25d00000,0x000000db25e00000] [id=18988]

Threads with active compile tasks:
C2 CompilerThread0  39013 14868       4       org.gradle.internal.reflect.ClassInspector::inspectClass (179 bytes)

VM state:not at safepoint (normal execution)

VM Mutex/Monitor currently owned by a thread: None

Heap address: 0x0000000080000000, size: 2048 MB, Compressed Oops mode: 32-bit
Narrow klass base: 0x0000000000000000, Narrow klass shift: 3
Compressed class space size: 1073741824 Address: 0x0000000100000000

Heap:
 garbage-first heap   total 250880K, used 197854K [0x0000000080000000, 0x0000000100000000)
  region size 1024K, 49 young (50176K), 2 survivors (2048K)
 Metaspace       used 107855K, capacity 111064K, committed 111232K, reserved 1144832K
  class space    used 14153K, capacity 15390K, committed 15488K, reserved 1048576K
Heap Regions: E=young(eden), S=young(survivor), O=old, HS=humongous(starts), HC=humongous(continues), CS=collection set, F=free, A=archive, TAMS=top-at-mark-start (previous, next)
|   0|0x0000000080000000, 0x0000000080100000, 0x0000000080100000|100%| O|  |TAMS 0x0000000080100000, 0x0000000080000000| Untracked 
|   1|0x0000000080100000, 0x0000000080200000, 0x0000000080200000|100%| O|  |TAMS 0x0000000080200000, 0x0000000080100000| Untracked 
|   2|0x0000000080200000, 0x0000000080300000, 0x0000000080300000|100%| O|  |TAMS 0x0000000080300000, 0x0000000080200000| Untracked 
|   3|0x0000000080300000, 0x0000000080400000, 0x0000000080400000|100%|HS|  |TAMS 0x0000000080400000, 0x0000000080300000| Complete 
|   4|0x0000000080400000, 0x0000000080500000, 0x0000000080500000|100%|HC|  |TAMS 0x0000000080500000, 0x0000000080400000| Complete 
|   5|0x0000000080500000, 0x0000000080600000, 0x0000000080600000|100%|HC|  |TAMS 0x0000000080600000, 0x0000000080500000| Complete 
|   6|0x0000000080600000, 0x0000000080700000, 0x0000000080700000|100%| O|  |TAMS 0x0000000080700000, 0x0000000080600000| Untracked 
|   7|0x0000000080700000, 0x0000000080800000, 0x0000000080800000|100%| O|  |TAMS 0x0000000080800000, 0x0000000080700000| Untracked 
|   8|0x0000000080800000, 0x0000000080900000, 0x0000000080900000|100%| O|  |TAMS 0x0000000080900000, 0x0000000080800000| Untracked 
|   9|0x0000000080900000, 0x0000000080a00000, 0x0000000080a00000|100%| O|  |TAMS 0x0000000080a00000, 0x0000000080900000| Complete 
|  10|0x0000000080a00000, 0x0000000080b00000, 0x0000000080b00000|100%| O|  |TAMS 0x0000000080b00000, 0x0000000080a00000| Untracked 
|  11|0x0000000080b00000, 0x0000000080c00000, 0x0000000080c00000|100%| O|  |TAMS 0x0000000080c00000, 0x0000000080b00000| Untracked 
|  12|0x0000000080c00000, 0x0000000080d00000, 0x0000000080d00000|100%| O|  |TAMS 0x0000000080d00000, 0x0000000080c00000| Untracked 
|  13|0x0000000080d00000, 0x0000000080e00000, 0x0000000080e00000|100%| O|  |TAMS 0x0000000080e00000, 0x0000000080d00000| Untracked 
|  14|0x0000000080e00000, 0x0000000080f00000, 0x0000000080f00000|100%| O|  |TAMS 0x0000000080f00000, 0x0000000080e00000| Untracked 
|  15|0x0000000080f00000, 0x0000000081000000, 0x0000000081000000|100%| O|  |TAMS 0x0000000081000000, 0x0000000080f00000| Untracked 
|  16|0x0000000081000000, 0x0000000081100000, 0x0000000081100000|100%| O|  |TAMS 0x0000000081100000, 0x0000000081000000| Untracked 
|  17|0x0000000081100000, 0x0000000081200000, 0x0000000081200000|100%| O|  |TAMS 0x0000000081200000, 0x0000000081100000| Untracked 
|  18|0x0000000081200000, 0x0000000081300000, 0x0000000081300000|100%| O|  |TAMS 0x0000000081300000, 0x0000000081200000| Untracked 
|  19|0x0000000081300000, 0x0000000081400000, 0x0000000081400000|100%| O|  |TAMS 0x0000000081400000, 0x0000000081300000| Untracked 
|  20|0x0000000081400000, 0x0000000081500000, 0x0000000081500000|100%| O|  |TAMS 0x0000000081500000, 0x0000000081400000| Complete 
|  21|0x0000000081500000, 0x0000000081600000, 0x0000000081600000|100%| O|  |TAMS 0x0000000081600000, 0x0000000081500000| Complete 
|  22|0x0000000081600000, 0x0000000081700000, 0x0000000081700000|100%| O|  |TAMS 0x0000000081700000, 0x0000000081600000| Untracked 
|  23|0x0000000081700000, 0x0000000081800000, 0x0000000081800000|100%| O|  |TAMS 0x0000000081800000, 0x0000000081700000| Untracked 
|  24|0x0000000081800000, 0x0000000081900000, 0x0000000081900000|100%| O|  |TAMS 0x0000000081900000, 0x0000000081800000| Untracked 
|  25|0x0000000081900000, 0x0000000081a00000, 0x0000000081a00000|100%| O|  |TAMS 0x0000000081a00000, 0x0000000081900000| Complete 
|  26|0x0000000081a00000, 0x0000000081b00000, 0x0000000081b00000|100%|HS|  |TAMS 0x0000000081b00000, 0x0000000081a00000| Complete 
|  27|0x0000000081b00000, 0x0000000081c00000, 0x0000000081c00000|100%|HS|  |TAMS 0x0000000081c00000, 0x0000000081b00000| Complete 
|  28|0x0000000081c00000, 0x0000000081d00000, 0x0000000081d00000|100%|HS|  |TAMS 0x0000000081d00000, 0x0000000081c00000| Complete 
|  29|0x0000000081d00000, 0x0000000081e00000, 0x0000000081e00000|100%|HS|  |TAMS 0x0000000081e00000, 0x0000000081d00000| Complete 
|  30|0x0000000081e00000, 0x0000000081f00000, 0x0000000081f00000|100%|HC|  |TAMS 0x0000000081f00000, 0x0000000081e00000| Complete 
|  31|0x0000000081f00000, 0x0000000082000000, 0x0000000082000000|100%|HC|  |TAMS 0x0000000082000000, 0x0000000081f00000| Complete 
|  32|0x0000000082000000, 0x0000000082100000, 0x0000000082100000|100%|HS|  |TAMS 0x0000000082100000, 0x0000000082000000| Complete 
|  33|0x0000000082100000, 0x0000000082200000, 0x0000000082200000|100%|HC|  |TAMS 0x0000000082200000, 0x0000000082100000| Complete 
|  34|0x0000000082200000, 0x0000000082300000, 0x0000000082300000|100%| O|  |TAMS 0x0000000082300000, 0x0000000082200000| Untracked 
|  35|0x0000000082300000, 0x0000000082400000, 0x0000000082400000|100%| O|  |TAMS 0x0000000082400000, 0x0000000082300000| Untracked 
|  36|0x0000000082400000, 0x0000000082500000, 0x0000000082500000|100%| O|  |TAMS 0x0000000082500000, 0x0000000082400000| Untracked 
|  37|0x0000000082500000, 0x0000000082600000, 0x0000000082600000|100%| O|  |TAMS 0x0000000082600000, 0x0000000082500000| Untracked 
|  38|0x0000000082600000, 0x0000000082700000, 0x0000000082700000|100%| O|  |TAMS 0x0000000082700000, 0x0000000082600000| Untracked 
|  39|0x0000000082700000, 0x0000000082800000, 0x0000000082800000|100%| O|  |TAMS 0x0000000082800000, 0x0000000082700000| Untracked 
|  40|0x0000000082800000, 0x0000000082900000, 0x0000000082900000|100%| O|  |TAMS 0x0000000082900000, 0x0000000082800000| Untracked 
|  41|0x0000000082900000, 0x0000000082a00000, 0x0000000082a00000|100%| O|  |TAMS 0x0000000082a00000, 0x0000000082900000| Complete 
|  42|0x0000000082a00000, 0x0000000082b00000, 0x0000000082b00000|100%| O|  |TAMS 0x0000000082b00000, 0x0000000082a00000| Untracked 
|  43|0x0000000082b00000, 0x0000000082c00000, 0x0000000082c00000|100%| O|  |TAMS 0x0000000082c00000, 0x0000000082b00000| Untracked 
|  44|0x0000000082c00000, 0x0000000082d00000, 0x0000000082d00000|100%| O|  |TAMS 0x0000000082d00000, 0x0000000082c00000| Untracked 
|  45|0x0000000082d00000, 0x0000000082e00000, 0x0000000082e00000|100%| O|  |TAMS 0x0000000082e00000, 0x0000000082d00000| Untracked 
|  46|0x0000000082e00000, 0x0000000082f00000, 0x0000000082f00000|100%| O|  |TAMS 0x0000000082f00000, 0x0000000082e00000| Untracked 
|  47|0x0000000082f00000, 0x0000000083000000, 0x0000000083000000|100%| O|  |TAMS 0x0000000083000000, 0x0000000082f00000| Untracked 
|  48|0x0000000083000000, 0x0000000083100000, 0x0000000083100000|100%| O|  |TAMS 0x0000000083100000, 0x0000000083000000| Untracked 
|  49|0x0000000083100000, 0x0000000083200000, 0x0000000083200000|100%| O|  |TAMS 0x0000000083200000, 0x0000000083100000| Untracked 
|  50|0x0000000083200000, 0x0000000083300000, 0x0000000083300000|100%| O|  |TAMS 0x0000000083300000, 0x0000000083200000| Untracked 
|  51|0x0000000083300000, 0x0000000083400000, 0x0000000083400000|100%| O|  |TAMS 0x0000000083400000, 0x0000000083300000| Untracked 
|  52|0x0000000083400000, 0x0000000083500000, 0x0000000083500000|100%| O|  |TAMS 0x0000000083500000, 0x0000000083400000| Complete 
|  53|0x0000000083500000, 0x0000000083600000, 0x0000000083600000|100%| O|  |TAMS 0x0000000083600000, 0x0000000083500000| Untracked 
|  54|0x0000000083600000, 0x0000000083700000, 0x0000000083700000|100%| O|  |TAMS 0x0000000083700000, 0x0000000083600000| Untracked 
|  55|0x0000000083700000, 0x0000000083800000, 0x0000000083800000|100%| O|  |TAMS 0x0000000083800000, 0x0000000083700000| Untracked 
|  56|0x0000000083800000, 0x0000000083900000, 0x0000000083900000|100%| O|  |TAMS 0x0000000083900000, 0x0000000083800000| Untracked 
|  57|0x0000000083900000, 0x0000000083a00000, 0x0000000083a00000|100%| O|  |TAMS 0x0000000083a00000, 0x0000000083900000| Untracked 
|  58|0x0000000083a00000, 0x0000000083b00000, 0x0000000083b00000|100%| O|  |TAMS 0x0000000083b00000, 0x0000000083a00000| Untracked 
|  59|0x0000000083b00000, 0x0000000083c00000, 0x0000000083c00000|100%| O|  |TAMS 0x0000000083c00000, 0x0000000083b00000| Untracked 
|  60|0x0000000083c00000, 0x0000000083d00000, 0x0000000083d00000|100%| O|  |TAMS 0x0000000083d00000, 0x0000000083c00000| Complete 
|  61|0x0000000083d00000, 0x0000000083e00000, 0x0000000083e00000|100%| O|  |TAMS 0x0000000083e00000, 0x0000000083d00000| Untracked 
|  62|0x0000000083e00000, 0x0000000083f00000, 0x0000000083f00000|100%| O|  |TAMS 0x0000000083f00000, 0x0000000083e00000| Untracked 
|  63|0x0000000083f00000, 0x0000000084000000, 0x0000000084000000|100%| O|  |TAMS 0x0000000084000000, 0x0000000083f00000| Untracked 
|  64|0x0000000084000000, 0x0000000084100000, 0x0000000084100000|100%| O|  |TAMS 0x0000000084100000, 0x0000000084000000| Complete 
|  65|0x0000000084100000, 0x0000000084200000, 0x0000000084200000|100%| O|  |TAMS 0x0000000084200000, 0x0000000084100000| Untracked 
|  66|0x0000000084200000, 0x0000000084300000, 0x0000000084300000|100%| O|  |TAMS 0x0000000084300000, 0x0000000084200000| Untracked 
|  67|0x0000000084300000, 0x0000000084400000, 0x0000000084400000|100%| O|  |TAMS 0x0000000084400000, 0x0000000084300000| Untracked 
|  68|0x0000000084400000, 0x0000000084500000, 0x0000000084500000|100%| O|  |TAMS 0x0000000084500000, 0x0000000084400000| Complete 
|  69|0x0000000084500000, 0x0000000084600000, 0x0000000084600000|100%| O|  |TAMS 0x0000000084600000, 0x0000000084500000| Complete 
|  70|0x0000000084600000, 0x0000000084700000, 0x0000000084700000|100%| O|  |TAMS 0x0000000084700000, 0x0000000084600000| Untracked 
|  71|0x0000000084700000, 0x0000000084800000, 0x0000000084800000|100%| O|  |TAMS 0x0000000084800000, 0x0000000084700000| Complete 
|  72|0x0000000084800000, 0x0000000084900000, 0x0000000084900000|100%| O|  |TAMS 0x0000000084900000, 0x0000000084800000| Untracked 
|  73|0x0000000084900000, 0x0000000084a00000, 0x0000000084a00000|100%| O|  |TAMS 0x0000000084a00000, 0x0000000084900000| Complete 
|  74|0x0000000084a00000, 0x0000000084b00000, 0x0000000084b00000|100%| O|  |TAMS 0x0000000084b00000, 0x0000000084a00000| Untracked 
|  75|0x0000000084b00000, 0x0000000084c00000, 0x0000000084c00000|100%| O|  |TAMS 0x0000000084c00000, 0x0000000084b00000| Untracked 
|  76|0x0000000084c00000, 0x0000000084d00000, 0x0000000084d00000|100%| O|  |TAMS 0x0000000084d00000, 0x0000000084c00000| Untracked 
|  77|0x0000000084d00000, 0x0000000084e00000, 0x0000000084e00000|100%| O|  |TAMS 0x0000000084e00000, 0x0000000084d00000| Untracked 
|  78|0x0000000084e00000, 0x0000000084f00000, 0x0000000084f00000|100%| O|  |TAMS 0x0000000084f00000, 0x0000000084e00000| Untracked 
|  79|0x0000000084f00000, 0x0000000085000000, 0x0000000085000000|100%| O|  |TAMS 0x0000000085000000, 0x0000000084f00000| Untracked 
|  80|0x0000000085000000, 0x0000000085100000, 0x0000000085100000|100%| O|  |TAMS 0x0000000085100000, 0x0000000085000000| Complete 
|  81|0x0000000085100000, 0x0000000085200000, 0x0000000085200000|100%| O|  |TAMS 0x0000000085200000, 0x0000000085100000| Untracked 
|  82|0x0000000085200000, 0x0000000085300000, 0x0000000085300000|100%| O|  |TAMS 0x0000000085300000, 0x0000000085200000| Untracked 
|  83|0x0000000085300000, 0x0000000085400000, 0x0000000085400000|100%| O|  |TAMS 0x0000000085400000, 0x0000000085300000| Untracked 
|  84|0x0000000085400000, 0x0000000085500000, 0x0000000085500000|100%| O|  |TAMS 0x0000000085500000, 0x0000000085400000| Untracked 
|  85|0x0000000085500000, 0x0000000085600000, 0x0000000085600000|100%| O|  |TAMS 0x0000000085600000, 0x0000000085500000| Untracked 
|  86|0x0000000085600000, 0x0000000085700000, 0x0000000085700000|100%| O|  |TAMS 0x0000000085700000, 0x0000000085600000| Complete 
|  87|0x0000000085700000, 0x0000000085800000, 0x0000000085800000|100%| O|  |TAMS 0x0000000085800000, 0x0000000085700000| Untracked 
|  88|0x0000000085800000, 0x0000000085900000, 0x0000000085900000|100%| O|  |TAMS 0x0000000085900000, 0x0000000085800000| Complete 
|  89|0x0000000085900000, 0x0000000085a00000, 0x0000000085a00000|100%| O|  |TAMS 0x0000000085a00000, 0x0000000085900000| Complete 
|  90|0x0000000085a00000, 0x0000000085b00000, 0x0000000085b00000|100%| O|  |TAMS 0x0000000085b00000, 0x0000000085a00000| Complete 
|  91|0x0000000085b00000, 0x0000000085c00000, 0x0000000085c00000|100%| O|  |TAMS 0x0000000085c00000, 0x0000000085b00000| Complete 
|  92|0x0000000085c00000, 0x0000000085d00000, 0x0000000085d00000|100%| O|  |TAMS 0x0000000085d00000, 0x0000000085c00000| Complete 
|  93|0x0000000085d00000, 0x0000000085e00000, 0x0000000085e00000|100%| O|  |TAMS 0x0000000085e00000, 0x0000000085d00000| Complete 
|  94|0x0000000085e00000, 0x0000000085f00000, 0x0000000085f00000|100%| O|  |TAMS 0x0000000085f00000, 0x0000000085e00000| Complete 
|  95|0x0000000085f00000, 0x0000000086000000, 0x0000000086000000|100%| O|  |TAMS 0x0000000086000000, 0x0000000085f00000| Complete 
|  96|0x0000000086000000, 0x0000000086100000, 0x0000000086100000|100%| O|  |TAMS 0x0000000086100000, 0x0000000086000000| Complete 
|  97|0x0000000086100000, 0x0000000086200000, 0x0000000086200000|100%| O|  |TAMS 0x0000000086200000, 0x0000000086100000| Complete 
|  98|0x0000000086200000, 0x0000000086300000, 0x0000000086300000|100%| O|  |TAMS 0x0000000086300000, 0x0000000086200000| Complete 
|  99|0x0000000086300000, 0x0000000086400000, 0x0000000086400000|100%| O|  |TAMS 0x0000000086400000, 0x0000000086300000| Complete 
| 100|0x0000000086400000, 0x0000000086500000, 0x0000000086500000|100%| O|  |TAMS 0x0000000086500000, 0x0000000086400000| Complete 
| 101|0x0000000086500000, 0x0000000086600000, 0x0000000086600000|100%| O|  |TAMS 0x0000000086600000, 0x0000000086500000| Complete 
| 102|0x0000000086600000, 0x0000000086700000, 0x0000000086700000|100%| O|  |TAMS 0x0000000086700000, 0x0000000086600000| Complete 
| 103|0x0000000086700000, 0x0000000086800000, 0x0000000086800000|100%| O|  |TAMS 0x0000000086800000, 0x0000000086700000| Untracked 
| 104|0x0000000086800000, 0x0000000086900000, 0x0000000086900000|100%| O|  |TAMS 0x0000000086900000, 0x0000000086800000| Untracked 
| 105|0x0000000086900000, 0x0000000086a00000, 0x0000000086a00000|100%| O|  |TAMS 0x0000000086a00000, 0x0000000086900000| Untracked 
| 106|0x0000000086a00000, 0x0000000086b00000, 0x0000000086b00000|100%| O|  |TAMS 0x0000000086b00000, 0x0000000086a00000| Untracked 
| 107|0x0000000086b00000, 0x0000000086c00000, 0x0000000086c00000|100%| O|  |TAMS 0x0000000086c00000, 0x0000000086b00000| Untracked 
| 108|0x0000000086c00000, 0x0000000086d00000, 0x0000000086d00000|100%| O|  |TAMS 0x0000000086d00000, 0x0000000086c00000| Untracked 
| 109|0x0000000086d00000, 0x0000000086e00000, 0x0000000086e00000|100%| O|  |TAMS 0x0000000086e00000, 0x0000000086d00000| Untracked 
| 110|0x0000000086e00000, 0x0000000086f00000, 0x0000000086f00000|100%| O|  |TAMS 0x0000000086f00000, 0x0000000086e00000| Untracked 
| 111|0x0000000086f00000, 0x0000000086f4da00, 0x0000000087000000| 30%| O|  |TAMS 0x0000000086f4da00, 0x0000000086f00000| Untracked 
| 112|0x0000000087000000, 0x0000000087100000, 0x0000000087100000|100%|HS|  |TAMS 0x0000000087000000, 0x0000000087000000| Complete 
| 113|0x0000000087100000, 0x0000000087200000, 0x0000000087200000|100%|HS|  |TAMS 0x0000000087100000, 0x0000000087100000| Complete 
| 114|0x0000000087200000, 0x0000000087300000, 0x0000000087300000|100%|HC|  |TAMS 0x0000000087200000, 0x0000000087200000| Complete 
| 115|0x0000000087300000, 0x0000000087400000, 0x0000000087400000|100%|HS|  |TAMS 0x0000000087300000, 0x0000000087300000| Complete 
| 116|0x0000000087400000, 0x0000000087500000, 0x0000000087500000|100%|HS|  |TAMS 0x0000000087400000, 0x0000000087400000| Complete 
| 117|0x0000000087500000, 0x0000000087600000, 0x0000000087600000|100%|HC|  |TAMS 0x0000000087500000, 0x0000000087500000| Complete 
| 118|0x0000000087600000, 0x0000000087700000, 0x0000000087700000|100%|HC|  |TAMS 0x0000000087600000, 0x0000000087600000| Complete 
| 119|0x0000000087700000, 0x0000000087800000, 0x0000000087800000|100%|HC|  |TAMS 0x0000000087700000, 0x0000000087700000| Complete 
| 120|0x0000000087800000, 0x0000000087900000, 0x0000000087900000|100%|HC|  |TAMS 0x0000000087800000, 0x0000000087800000| Complete 
| 121|0x0000000087900000, 0x0000000087a00000, 0x0000000087a00000|100%|HC|  |TAMS 0x0000000087900000, 0x0000000087900000| Complete 
| 122|0x0000000087a00000, 0x0000000087b00000, 0x0000000087b00000|100%|HC|  |TAMS 0x0000000087a00000, 0x0000000087a00000| Complete 
| 123|0x0000000087b00000, 0x0000000087c00000, 0x0000000087c00000|100%|HC|  |TAMS 0x0000000087b00000, 0x0000000087b00000| Complete 
| 124|0x0000000087c00000, 0x0000000087d00000, 0x0000000087d00000|100%|HC|  |TAMS 0x0000000087c00000, 0x0000000087c00000| Complete 
| 125|0x0000000087d00000, 0x0000000087e00000, 0x0000000087e00000|100%|HC|  |TAMS 0x0000000087d00000, 0x0000000087d00000| Complete 
| 126|0x0000000087e00000, 0x0000000087f00000, 0x0000000087f00000|100%|HS|  |TAMS 0x0000000087e00000, 0x0000000087e00000| Complete 
| 127|0x0000000087f00000, 0x0000000088000000, 0x0000000088000000|100%|HS|  |TAMS 0x0000000087f00000, 0x0000000087f00000| Complete 
| 128|0x0000000088000000, 0x0000000088100000, 0x0000000088100000|100%|HC|  |TAMS 0x0000000088000000, 0x0000000088000000| Complete 
| 129|0x0000000088100000, 0x0000000088200000, 0x0000000088200000|100%|HC|  |TAMS 0x0000000088100000, 0x0000000088100000| Complete 
| 130|0x0000000088200000, 0x0000000088300000, 0x0000000088300000|100%|HC|  |TAMS 0x0000000088200000, 0x0000000088200000| Complete 
| 131|0x0000000088300000, 0x0000000088400000, 0x0000000088400000|100%|HC|  |TAMS 0x0000000088300000, 0x0000000088300000| Complete 
| 132|0x0000000088400000, 0x0000000088500000, 0x0000000088500000|100%|HC|  |TAMS 0x0000000088400000, 0x0000000088400000| Complete 
| 133|0x0000000088500000, 0x0000000088600000, 0x0000000088600000|100%|HC|  |TAMS 0x0000000088500000, 0x0000000088500000| Complete 
| 134|0x0000000088600000, 0x0000000088700000, 0x0000000088700000|100%|HC|  |TAMS 0x0000000088600000, 0x0000000088600000| Complete 
| 135|0x0000000088700000, 0x0000000088800000, 0x0000000088800000|100%|HC|  |TAMS 0x0000000088700000, 0x0000000088700000| Complete 
| 136|0x0000000088800000, 0x0000000088900000, 0x0000000088900000|100%|HC|  |TAMS 0x0000000088800000, 0x0000000088800000| Complete 
| 137|0x0000000088900000, 0x0000000088a00000, 0x0000000088a00000|100%|HS|  |TAMS 0x0000000088900000, 0x0000000088900000| Complete 
| 138|0x0000000088a00000, 0x0000000088b00000, 0x0000000088b00000|100%|HC|  |TAMS 0x0000000088a00000, 0x0000000088a00000| Complete 
| 139|0x0000000088b00000, 0x0000000088c00000, 0x0000000088c00000|100%|HS|  |TAMS 0x0000000088b00000, 0x0000000088b00000| Complete 
| 140|0x0000000088c00000, 0x0000000088d00000, 0x0000000088d00000|100%|HC|  |TAMS 0x0000000088c00000, 0x0000000088c00000| Complete 
| 141|0x0000000088d00000, 0x0000000088e00000, 0x0000000088e00000|100%|HS|  |TAMS 0x0000000088d00000, 0x0000000088d00000| Complete 
| 142|0x0000000088e00000, 0x0000000088f00000, 0x0000000088f00000|100%|HC|  |TAMS 0x0000000088e00000, 0x0000000088e00000| Complete 
| 143|0x0000000088f00000, 0x0000000089000000, 0x0000000089000000|100%|HS|  |TAMS 0x0000000088f00000, 0x0000000088f00000| Complete 
| 144|0x0000000089000000, 0x0000000089100000, 0x0000000089100000|100%|HC|  |TAMS 0x0000000089000000, 0x0000000089000000| Complete 
| 145|0x0000000089100000, 0x0000000089200000, 0x0000000089200000|100%|HS|  |TAMS 0x0000000089100000, 0x0000000089100000| Complete 
| 146|0x0000000089200000, 0x0000000089300000, 0x0000000089300000|100%|HC|  |TAMS 0x0000000089200000, 0x0000000089200000| Complete 
| 147|0x0000000089300000, 0x0000000089300000, 0x0000000089400000|  0%| F|  |TAMS 0x0000000089300000, 0x0000000089300000| Untracked 
| 148|0x0000000089400000, 0x0000000089400000, 0x0000000089500000|  0%| F|  |TAMS 0x0000000089400000, 0x0000000089400000| Untracked 
| 149|0x0000000089500000, 0x0000000089500000, 0x0000000089600000|  0%| F|  |TAMS 0x0000000089500000, 0x0000000089500000| Untracked 
| 150|0x0000000089600000, 0x0000000089600000, 0x0000000089700000|  0%| F|  |TAMS 0x0000000089600000, 0x0000000089600000| Untracked 
| 151|0x0000000089700000, 0x0000000089700000, 0x0000000089800000|  0%| F|  |TAMS 0x0000000089700000, 0x0000000089700000| Untracked 
| 152|0x0000000089800000, 0x0000000089800000, 0x0000000089900000|  0%| F|  |TAMS 0x0000000089800000, 0x0000000089800000| Untracked 
| 153|0x0000000089900000, 0x0000000089900000, 0x0000000089a00000|  0%| F|  |TAMS 0x0000000089900000, 0x0000000089900000| Untracked 
| 154|0x0000000089a00000, 0x0000000089a00000, 0x0000000089b00000|  0%| F|  |TAMS 0x0000000089a00000, 0x0000000089a00000| Untracked 
| 155|0x0000000089b00000, 0x0000000089b00000, 0x0000000089c00000|  0%| F|  |TAMS 0x0000000089b00000, 0x0000000089b00000| Untracked 
| 156|0x0000000089c00000, 0x0000000089c00000, 0x0000000089d00000|  0%| F|  |TAMS 0x0000000089c00000, 0x0000000089c00000| Untracked 
| 157|0x0000000089d00000, 0x0000000089d00000, 0x0000000089e00000|  0%| F|  |TAMS 0x0000000089d00000, 0x0000000089d00000| Untracked 
| 158|0x0000000089e00000, 0x0000000089e00000, 0x0000000089f00000|  0%| F|  |TAMS 0x0000000089e00000, 0x0000000089e00000| Untracked 
| 159|0x0000000089f00000, 0x0000000089f00000, 0x000000008a000000|  0%| F|  |TAMS 0x0000000089f00000, 0x0000000089f00000| Untracked 
| 160|0x000000008a000000, 0x000000008a000000, 0x000000008a100000|  0%| F|  |TAMS 0x000000008a000000, 0x000000008a000000| Untracked 
| 161|0x000000008a100000, 0x000000008a100000, 0x000000008a200000|  0%| F|  |TAMS 0x000000008a100000, 0x000000008a100000| Untracked 
| 162|0x000000008a200000, 0x000000008a200000, 0x000000008a300000|  0%| F|  |TAMS 0x000000008a200000, 0x000000008a200000| Untracked 
| 163|0x000000008a300000, 0x000000008a300000, 0x000000008a400000|  0%| F|  |TAMS 0x000000008a300000, 0x000000008a300000| Untracked 
| 164|0x000000008a400000, 0x000000008a400000, 0x000000008a500000|  0%| F|  |TAMS 0x000000008a400000, 0x000000008a400000| Untracked 
| 165|0x000000008a500000, 0x000000008a500000, 0x000000008a600000|  0%| F|  |TAMS 0x000000008a500000, 0x000000008a500000| Untracked 
| 166|0x000000008a600000, 0x000000008a600000, 0x000000008a700000|  0%| F|  |TAMS 0x000000008a600000, 0x000000008a600000| Untracked 
| 167|0x000000008a700000, 0x000000008a700000, 0x000000008a800000|  0%| F|  |TAMS 0x000000008a700000, 0x000000008a700000| Untracked 
| 168|0x000000008a800000, 0x000000008a800000, 0x000000008a900000|  0%| F|  |TAMS 0x000000008a800000, 0x000000008a800000| Untracked 
| 169|0x000000008a900000, 0x000000008a900000, 0x000000008aa00000|  0%| F|  |TAMS 0x000000008a900000, 0x000000008a900000| Untracked 
| 170|0x000000008aa00000, 0x000000008aa00000, 0x000000008ab00000|  0%| F|  |TAMS 0x000000008aa00000, 0x000000008aa00000| Untracked 
| 171|0x000000008ab00000, 0x000000008ab00000, 0x000000008ac00000|  0%| F|  |TAMS 0x000000008ab00000, 0x000000008ab00000| Untracked 
| 172|0x000000008ac00000, 0x000000008ac00000, 0x000000008ad00000|  0%| F|  |TAMS 0x000000008ac00000, 0x000000008ac00000| Untracked 
| 173|0x000000008ad00000, 0x000000008ad00000, 0x000000008ae00000|  0%| F|  |TAMS 0x000000008ad00000, 0x000000008ad00000| Untracked 
| 174|0x000000008ae00000, 0x000000008ae00000, 0x000000008af00000|  0%| F|  |TAMS 0x000000008ae00000, 0x000000008ae00000| Untracked 
| 175|0x000000008af00000, 0x000000008af00000, 0x000000008b000000|  0%| F|  |TAMS 0x000000008af00000, 0x000000008af00000| Untracked 
| 176|0x000000008b000000, 0x000000008b000000, 0x000000008b100000|  0%| F|  |TAMS 0x000000008b000000, 0x000000008b000000| Untracked 
| 177|0x000000008b100000, 0x000000008b100000, 0x000000008b200000|  0%| F|  |TAMS 0x000000008b100000, 0x000000008b100000| Untracked 
| 178|0x000000008b200000, 0x000000008b200000, 0x000000008b300000|  0%| F|  |TAMS 0x000000008b200000, 0x000000008b200000| Untracked 
| 179|0x000000008b300000, 0x000000008b300000, 0x000000008b400000|  0%| F|  |TAMS 0x000000008b300000, 0x000000008b300000| Untracked 
| 180|0x000000008b400000, 0x000000008b400000, 0x000000008b500000|  0%| F|  |TAMS 0x000000008b400000, 0x000000008b400000| Untracked 
| 181|0x000000008b500000, 0x000000008b500000, 0x000000008b600000|  0%| F|  |TAMS 0x000000008b500000, 0x000000008b500000| Untracked 
| 182|0x000000008b600000, 0x000000008b600000, 0x000000008b700000|  0%| F|  |TAMS 0x000000008b600000, 0x000000008b600000| Untracked 
| 183|0x000000008b700000, 0x000000008b700000, 0x000000008b800000|  0%| F|  |TAMS 0x000000008b700000, 0x000000008b700000| Untracked 
| 184|0x000000008b800000, 0x000000008b800000, 0x000000008b900000|  0%| F|  |TAMS 0x000000008b800000, 0x000000008b800000| Untracked 
| 185|0x000000008b900000, 0x000000008b900000, 0x000000008ba00000|  0%| F|  |TAMS 0x000000008b900000, 0x000000008b900000| Untracked 
| 186|0x000000008ba00000, 0x000000008ba00000, 0x000000008bb00000|  0%| F|  |TAMS 0x000000008ba00000, 0x000000008ba00000| Untracked 
| 187|0x000000008bb00000, 0x000000008bb00000, 0x000000008bc00000|  0%| F|  |TAMS 0x000000008bb00000, 0x000000008bb00000| Untracked 
| 188|0x000000008bc00000, 0x000000008bc00000, 0x000000008bd00000|  0%| F|  |TAMS 0x000000008bc00000, 0x000000008bc00000| Untracked 
| 189|0x000000008bd00000, 0x000000008bd00000, 0x000000008be00000|  0%| F|  |TAMS 0x000000008bd00000, 0x000000008bd00000| Untracked 
| 190|0x000000008be00000, 0x000000008be00000, 0x000000008bf00000|  0%| F|  |TAMS 0x000000008be00000, 0x000000008be00000| Untracked 
| 191|0x000000008bf00000, 0x000000008bf00000, 0x000000008c000000|  0%| F|  |TAMS 0x000000008bf00000, 0x000000008bf00000| Untracked 
| 192|0x000000008c000000, 0x000000008c000000, 0x000000008c100000|  0%| F|  |TAMS 0x000000008c000000, 0x000000008c000000| Untracked 
| 193|0x000000008c100000, 0x000000008c100000, 0x000000008c200000|  0%| F|  |TAMS 0x000000008c100000, 0x000000008c100000| Untracked 
| 194|0x000000008c200000, 0x000000008c200000, 0x000000008c300000|  0%| F|  |TAMS 0x000000008c200000, 0x000000008c200000| Untracked 
| 195|0x000000008c300000, 0x000000008c35cb10, 0x000000008c400000| 36%| E|  |TAMS 0x000000008c300000, 0x000000008c300000| Complete 
| 196|0x000000008c400000, 0x000000008c500000, 0x000000008c500000|100%| E|CS|TAMS 0x000000008c400000, 0x000000008c400000| Complete 
| 197|0x000000008c500000, 0x000000008c600000, 0x000000008c600000|100%| E|CS|TAMS 0x000000008c500000, 0x000000008c500000| Complete 
| 198|0x000000008c600000, 0x000000008c6ea088, 0x000000008c700000| 91%| S|CS|TAMS 0x000000008c600000, 0x000000008c600000| Complete 
| 199|0x000000008c700000, 0x000000008c800000, 0x000000008c800000|100%| S|CS|TAMS 0x000000008c700000, 0x000000008c700000| Complete 
| 200|0x000000008c800000, 0x000000008c900000, 0x000000008c900000|100%| E|CS|TAMS 0x000000008c800000, 0x000000008c800000| Complete 
| 201|0x000000008c900000, 0x000000008ca00000, 0x000000008ca00000|100%| E|CS|TAMS 0x000000008c900000, 0x000000008c900000| Complete 
| 202|0x000000008ca00000, 0x000000008cb00000, 0x000000008cb00000|100%| E|CS|TAMS 0x000000008ca00000, 0x000000008ca00000| Complete 
| 203|0x000000008cb00000, 0x000000008cc00000, 0x000000008cc00000|100%| E|CS|TAMS 0x000000008cb00000, 0x000000008cb00000| Complete 
| 204|0x000000008cc00000, 0x000000008cd00000, 0x000000008cd00000|100%| E|CS|TAMS 0x000000008cc00000, 0x000000008cc00000| Complete 
| 205|0x000000008cd00000, 0x000000008ce00000, 0x000000008ce00000|100%| E|CS|TAMS 0x000000008cd00000, 0x000000008cd00000| Complete 
| 206|0x000000008ce00000, 0x000000008cf00000, 0x000000008cf00000|100%| E|CS|TAMS 0x000000008ce00000, 0x000000008ce00000| Complete 
| 207|0x000000008cf00000, 0x000000008d000000, 0x000000008d000000|100%| E|CS|TAMS 0x000000008cf00000, 0x000000008cf00000| Complete 
| 208|0x000000008d000000, 0x000000008d100000, 0x000000008d100000|100%| E|CS|TAMS 0x000000008d000000, 0x000000008d000000| Complete 
| 209|0x000000008d100000, 0x000000008d200000, 0x000000008d200000|100%| E|CS|TAMS 0x000000008d100000, 0x000000008d100000| Complete 
| 210|0x000000008d200000, 0x000000008d300000, 0x000000008d300000|100%| E|CS|TAMS 0x000000008d200000, 0x000000008d200000| Complete 
| 211|0x000000008d300000, 0x000000008d400000, 0x000000008d400000|100%| E|CS|TAMS 0x000000008d300000, 0x000000008d300000| Complete 
| 212|0x000000008d400000, 0x000000008d500000, 0x000000008d500000|100%| E|  |TAMS 0x000000008d400000, 0x000000008d400000| Complete 
| 213|0x000000008d500000, 0x000000008d600000, 0x000000008d600000|100%| E|CS|TAMS 0x000000008d500000, 0x000000008d500000| Complete 
| 214|0x000000008d600000, 0x000000008d700000, 0x000000008d700000|100%| E|CS|TAMS 0x000000008d600000, 0x000000008d600000| Complete 
| 215|0x000000008d700000, 0x000000008d800000, 0x000000008d800000|100%| E|CS|TAMS 0x000000008d700000, 0x000000008d700000| Complete 
| 216|0x000000008d800000, 0x000000008d900000, 0x000000008d900000|100%| E|CS|TAMS 0x000000008d800000, 0x000000008d800000| Complete 
| 217|0x000000008d900000, 0x000000008da00000, 0x000000008da00000|100%| E|CS|TAMS 0x000000008d900000, 0x000000008d900000| Complete 
| 218|0x000000008da00000, 0x000000008db00000, 0x000000008db00000|100%| E|CS|TAMS 0x000000008da00000, 0x000000008da00000| Complete 
| 219|0x000000008db00000, 0x000000008dc00000, 0x000000008dc00000|100%| E|CS|TAMS 0x000000008db00000, 0x000000008db00000| Complete 
| 220|0x000000008dc00000, 0x000000008dd00000, 0x000000008dd00000|100%| E|CS|TAMS 0x000000008dc00000, 0x000000008dc00000| Complete 
| 221|0x000000008dd00000, 0x000000008de00000, 0x000000008de00000|100%| E|CS|TAMS 0x000000008dd00000, 0x000000008dd00000| Complete 
| 222|0x000000008de00000, 0x000000008df00000, 0x000000008df00000|100%| E|CS|TAMS 0x000000008de00000, 0x000000008de00000| Complete 
| 223|0x000000008df00000, 0x000000008e000000, 0x000000008e000000|100%| E|CS|TAMS 0x000000008df00000, 0x000000008df00000| Complete 
| 224|0x000000008e000000, 0x000000008e100000, 0x000000008e100000|100%| E|CS|TAMS 0x000000008e000000, 0x000000008e000000| Complete 
| 225|0x000000008e100000, 0x000000008e200000, 0x000000008e200000|100%| E|CS|TAMS 0x000000008e100000, 0x000000008e100000| Complete 
| 226|0x000000008e200000, 0x000000008e300000, 0x000000008e300000|100%| E|CS|TAMS 0x000000008e200000, 0x000000008e200000| Complete 
| 227|0x000000008e300000, 0x000000008e400000, 0x000000008e400000|100%| E|CS|TAMS 0x000000008e300000, 0x000000008e300000| Complete 
| 228|0x000000008e400000, 0x000000008e500000, 0x000000008e500000|100%| E|CS|TAMS 0x000000008e400000, 0x000000008e400000| Complete 
| 229|0x000000008e500000, 0x000000008e600000, 0x000000008e600000|100%| E|CS|TAMS 0x000000008e500000, 0x000000008e500000| Complete 
| 230|0x000000008e600000, 0x000000008e700000, 0x000000008e700000|100%| E|CS|TAMS 0x000000008e600000, 0x000000008e600000| Complete 
| 231|0x000000008e700000, 0x000000008e800000, 0x000000008e800000|100%| E|CS|TAMS 0x000000008e700000, 0x000000008e700000| Complete 
| 232|0x000000008e800000, 0x000000008e900000, 0x000000008e900000|100%| E|CS|TAMS 0x000000008e800000, 0x000000008e800000| Complete 
| 233|0x000000008e900000, 0x000000008ea00000, 0x000000008ea00000|100%| E|CS|TAMS 0x000000008e900000, 0x000000008e900000| Complete 
| 234|0x000000008ea00000, 0x000000008eb00000, 0x000000008eb00000|100%| E|CS|TAMS 0x000000008ea00000, 0x000000008ea00000| Complete 
| 235|0x000000008eb00000, 0x000000008ec00000, 0x000000008ec00000|100%| E|CS|TAMS 0x000000008eb00000, 0x000000008eb00000| Complete 
| 236|0x000000008ec00000, 0x000000008ed00000, 0x000000008ed00000|100%| E|CS|TAMS 0x000000008ec00000, 0x000000008ec00000| Complete 
| 237|0x000000008ed00000, 0x000000008ee00000, 0x000000008ee00000|100%| E|CS|TAMS 0x000000008ed00000, 0x000000008ed00000| Complete 
| 238|0x000000008ee00000, 0x000000008ef00000, 0x000000008ef00000|100%| E|CS|TAMS 0x000000008ee00000, 0x000000008ee00000| Complete 
| 239|0x000000008ef00000, 0x000000008f000000, 0x000000008f000000|100%| E|CS|TAMS 0x000000008ef00000, 0x000000008ef00000| Complete 
| 240|0x000000008f000000, 0x000000008f100000, 0x000000008f100000|100%| E|CS|TAMS 0x000000008f000000, 0x000000008f000000| Complete 
| 241|0x000000008f100000, 0x000000008f200000, 0x000000008f200000|100%| E|CS|TAMS 0x000000008f100000, 0x000000008f100000| Complete 
| 242|0x000000008f200000, 0x000000008f300000, 0x000000008f300000|100%| E|CS|TAMS 0x000000008f200000, 0x000000008f200000| Complete 
| 243|0x000000008f300000, 0x000000008f400000, 0x000000008f400000|100%| E|CS|TAMS 0x000000008f300000, 0x000000008f300000| Complete 
| 244|0x000000008f400000, 0x000000008f500000, 0x000000008f500000|100%| E|CS|TAMS 0x000000008f400000, 0x000000008f400000| Complete 

Card table byte_map: [0x000002756a670000,0x000002756aa70000] _byte_map_base: 0x000002756a270000

Marking Bits (Prev, Next): (CMBitMap*) 0x0000027557490e40, (CMBitMap*) 0x0000027557490e08
 Prev Bits: [0x000002756ce70000, 0x000002756ee70000)
 Next Bits: [0x000002756ae70000, 0x000002756ce70000)

Polling page: 0x00000275552a0000

Metaspace:

Usage:
  Non-class:     93.43 MB capacity,    91.51 MB ( 98%) used,     1.55 MB (  2%) free+waste,   385.56 KB ( <1%) overhead. 
      Class:     15.03 MB capacity,    13.82 MB ( 92%) used,     1.03 MB (  7%) free+waste,   178.38 KB (  1%) overhead. 
       Both:    108.46 MB capacity,   105.33 MB ( 97%) used,     2.58 MB (  2%) free+waste,   563.94 KB ( <1%) overhead. 

Virtual space:
  Non-class space:       94.00 MB reserved,      93.50 MB (>99%) committed 
      Class space:        1.00 GB reserved,      15.13 MB (  1%) committed 
             Both:        1.09 GB reserved,     108.63 MB ( 10%) committed 

Chunk freelists:
   Non-Class:  6.00 KB
       Class:  0 bytes
        Both:  6.00 KB

MaxMetaspaceSize: 17179869184.00 GB
CompressedClassSpaceSize: 1.00 GB

CodeHeap 'non-profiled nmethods': size=120000Kb used=9169Kb max_used=9169Kb free=110830Kb
 bounds [0x0000027562a10000, 0x0000027563310000, 0x0000027569f40000]
CodeHeap 'profiled nmethods': size=120000Kb used=33347Kb max_used=33347Kb free=86652Kb
 bounds [0x000002755b4e0000, 0x000002755d580000, 0x0000027562a10000]
CodeHeap 'non-nmethods': size=5760Kb used=2332Kb max_used=2383Kb free=3427Kb
 bounds [0x000002755af40000, 0x000002755b1b0000, 0x000002755b4e0000]
 total_blobs=15683 nmethods=14737 adapters=856
 compilation: enabled
              stopped_count=0, restarted_count=0
 full_count=0

Compilation events (20 events):
Event: 38.938 Thread 0x00000275718c9800 14952   !   3       org.gradle.internal.serialize.ExceptionReplacingObjectOutputStream$1::transform (15 bytes)
Event: 38.939 Thread 0x00000275718c9800 nmethod 14952 0x000002755d557c10 code [0x000002755d557ea0, 0x000002755d5589c8]
Event: 38.939 Thread 0x00000275718c9800 14953       3       org.gradle.internal.serialize.ExceptionReplacingObjectOutputStream::doReplaceObject (25 bytes)
Event: 38.940 Thread 0x00000275718c9800 nmethod 14953 0x000002755d558e90 code [0x000002755d559100, 0x000002755d559a78]
Event: 38.948 Thread 0x00000275718c9800 14955       3       java.util.concurrent.ConcurrentLinkedQueue$Itr::hasNext (13 bytes)
Event: 38.948 Thread 0x00000275718c9800 nmethod 14955 0x000002755d559d90 code [0x000002755d559f40, 0x000002755d55a098]
Event: 38.948 Thread 0x00000275718c9800 14956       3       java.util.concurrent.ConcurrentLinkedQueue$Node::casItem (10 bytes)
Event: 38.949 Thread 0x00000275718c9800 nmethod 14956 0x000002755d55a110 code [0x000002755d55a3a0, 0x000002755d55adf8]
Event: 38.949 Thread 0x00000275718c9800 14957       1       java.util.concurrent.ConcurrentLinkedQueue::lambda$clear$2 (2 bytes)
Event: 38.949 Thread 0x00000275718c9800 nmethod 14957 0x0000027563304410 code [0x00000275633045c0, 0x0000027563304658]
Event: 38.949 Thread 0x00000275718c9800 14958  s!   3       org.gradle.internal.service.DefaultServiceRegistry$ManagedObjectServiceProvider::stop (59 bytes)
Event: 38.950 Thread 0x00000275718c9800 nmethod 14958 0x000002755d55b190 code [0x000002755d55b420, 0x000002755d55c178]
Event: 38.959 Thread 0x00000275718c9800 14960       3       java.util.concurrent.ConcurrentLinkedQueue::bulkRemove (157 bytes)
Event: 38.962 Thread 0x00000275718c9800 nmethod 14960 0x000002755d55c590 code [0x000002755d55c860, 0x000002755d55d908]
Event: 38.962 Thread 0x00000275718c9800 14959       3       java.util.concurrent.ConcurrentLinkedQueue::clear (11 bytes)
Event: 38.963 Thread 0x00000275718c9800 nmethod 14959 0x000002755d55de90 code [0x000002755d55e060, 0x000002755d55e2e8]
Event: 38.963 Thread 0x00000275718c9800 14962       3       java.lang.invoke.VarHandleObjects$FieldInstanceReadWrite::setRelease (30 bytes)
Event: 38.964 Thread 0x00000275718c9800 nmethod 14962 0x000002755d55e410 code [0x000002755d55e660, 0x000002755d55ee68]
Event: 38.964 Thread 0x00000275718c9800 14961       3       java.util.concurrent.ConcurrentLinkedQueue$$Lambda$2176/0x0000000100ee5c40::test (5 bytes)
Event: 38.964 Thread 0x00000275718c9800 nmethod 14961 0x000002755d55f190 code [0x000002755d55f340, 0x000002755d55f498]

GC Heap History (20 events):
Event: 33.521 GC heap before
{Heap before GC invocations=68 (full 0):
 garbage-first heap   total 120832K, used 105170K [0x0000000080000000, 0x0000000100000000)
  region size 1024K, 13 young (13312K), 2 survivors (2048K)
 Metaspace       used 92761K, capacity 94887K, committed 94976K, reserved 1132544K
  class space    used 11954K, capacity 12748K, committed 12800K, reserved 1048576K
}
Event: 33.527 GC heap after
{Heap after GC invocations=69 (full 0):
 garbage-first heap   total 120832K, used 96328K [0x0000000080000000, 0x0000000100000000)
  region size 1024K, 2 young (2048K), 2 survivors (2048K)
 Metaspace       used 92761K, capacity 94887K, committed 94976K, reserved 1132544K
  class space    used 11954K, capacity 12748K, committed 12800K, reserved 1048576K
}
Event: 33.795 GC heap before
{Heap before GC invocations=70 (full 0):
 garbage-first heap   total 120832K, used 104520K [0x0000000080000000, 0x0000000100000000)
  region size 1024K, 10 young (10240K), 2 survivors (2048K)
 Metaspace       used 94379K, capacity 96648K, committed 96768K, reserved 1132544K
  class space    used 12205K, capacity 13051K, committed 13056K, reserved 1048576K
}
Event: 33.801 GC heap after
{Heap after GC invocations=71 (full 0):
 garbage-first heap   total 145408K, used 97395K [0x0000000080000000, 0x0000000100000000)
  region size 1024K, 2 young (2048K), 2 survivors (2048K)
 Metaspace       used 94379K, capacity 96648K, committed 96768K, reserved 1132544K
  class space    used 12205K, capacity 13051K, committed 13056K, reserved 1048576K
}
Event: 33.982 GC heap before
{Heap before GC invocations=71 (full 0):
 garbage-first heap   total 145408K, used 114803K [0x0000000080000000, 0x0000000100000000)
  region size 1024K, 20 young (20480K), 2 survivors (2048K)
 Metaspace       used 95615K, capacity 97979K, committed 98048K, reserved 1134592K
  class space    used 12390K, capacity 13260K, committed 13312K, reserved 1048576K
}
Event: 33.999 GC heap after
{Heap after GC invocations=72 (full 0):
 garbage-first heap   total 145408K, used 103140K [0x0000000080000000, 0x0000000100000000)
  region size 1024K, 3 young (3072K), 3 survivors (3072K)
 Metaspace       used 95615K, capacity 97979K, committed 98048K, reserved 1134592K
  class space    used 12390K, capacity 13260K, committed 13312K, reserved 1048576K
}
Event: 34.412 GC heap before
{Heap before GC invocations=73 (full 0):
 garbage-first heap   total 145408K, used 117476K [0x0000000080000000, 0x0000000100000000)
  region size 1024K, 18 young (18432K), 3 survivors (3072K)
 Metaspace       used 97238K, capacity 99706K, committed 99968K, reserved 1136640K
  class space    used 12639K, capacity 13581K, committed 13696K, reserved 1048576K
}
Event: 34.420 GC heap after
{Heap after GC invocations=74 (full 0):
 garbage-first heap   total 145408K, used 105535K [0x0000000080000000, 0x0000000100000000)
  region size 1024K, 3 young (3072K), 3 survivors (3072K)
 Metaspace       used 97238K, capacity 99706K, committed 99968K, reserved 1136640K
  class space    used 12639K, capacity 13581K, committed 13696K, reserved 1048576K
}
Event: 34.775 GC heap before
{Heap before GC invocations=74 (full 0):
 garbage-first heap   total 145408K, used 118847K [0x0000000080000000, 0x0000000100000000)
  region size 1024K, 17 young (17408K), 3 survivors (3072K)
 Metaspace       used 100212K, capacity 102924K, committed 103168K, reserved 1138688K
  class space    used 13193K, capacity 14252K, committed 14336K, reserved 1048576K
}
Event: 34.781 GC heap after
{Heap after GC invocations=75 (full 0):
 garbage-first heap   total 145408K, used 106688K [0x0000000080000000, 0x0000000100000000)
  region size 1024K, 2 young (2048K), 2 survivors (2048K)
 Metaspace       used 100212K, capacity 102924K, committed 103168K, reserved 1138688K
  class space    used 13193K, capacity 14252K, committed 14336K, reserved 1048576K
}
Event: 35.029 GC heap before
{Heap before GC invocations=75 (full 0):
 garbage-first heap   total 145408K, used 121024K [0x0000000080000000, 0x0000000100000000)
  region size 1024K, 16 young (16384K), 2 survivors (2048K)
 Metaspace       used 100928K, capacity 103600K, committed 104064K, reserved 1138688K
  class space    used 13252K, capacity 14290K, committed 14464K, reserved 1048576K
}
Event: 35.038 GC heap after
{Heap after GC invocations=76 (full 0):
 garbage-first heap   total 208896K, used 107046K [0x0000000080000000, 0x0000000100000000)
  region size 1024K, 2 young (2048K), 2 survivors (2048K)
 Metaspace       used 100928K, capacity 103600K, committed 104064K, reserved 1138688K
  class space    used 13252K, capacity 14290K, committed 14464K, reserved 1048576K
}
Event: 35.557 GC heap before
{Heap before GC invocations=77 (full 0):
 garbage-first heap   total 208896K, used 148006K [0x0000000080000000, 0x0000000100000000)
  region size 1024K, 43 young (44032K), 2 survivors (2048K)
 Metaspace       used 103027K, capacity 106104K, committed 106240K, reserved 1140736K
  class space    used 13533K, capacity 14740K, committed 14848K, reserved 1048576K
}
Event: 35.563 GC heap after
{Heap after GC invocations=78 (full 0):
 garbage-first heap   total 208896K, used 107904K [0x0000000080000000, 0x0000000100000000)
  region size 1024K, 3 young (3072K), 3 survivors (3072K)
 Metaspace       used 103027K, capacity 106104K, committed 106240K, reserved 1140736K
  class space    used 13533K, capacity 14740K, committed 14848K, reserved 1048576K
}
Event: 35.771 GC heap before
{Heap before GC invocations=78 (full 0):
 garbage-first heap   total 208896K, used 121216K [0x0000000080000000, 0x0000000100000000)
  region size 1024K, 18 young (18432K), 3 survivors (3072K)
 Metaspace       used 103150K, capacity 106178K, committed 106496K, reserved 1140736K
  class space    used 13535K, capacity 14740K, committed 14848K, reserved 1048576K
}
Event: 35.776 GC heap after
{Heap after GC invocations=79 (full 0):
 garbage-first heap   total 208896K, used 109463K [0x0000000080000000, 0x0000000100000000)
  region size 1024K, 4 young (4096K), 4 survivors (4096K)
 Metaspace       used 103150K, capacity 106178K, committed 106496K, reserved 1140736K
  class space    used 13535K, capacity 14740K, committed 14848K, reserved 1048576K
}
Event: 36.681 GC heap before
{Heap before GC invocations=80 (full 0):
 garbage-first heap   total 208896K, used 158615K [0x0000000080000000, 0x0000000100000000)
  region size 1024K, 51 young (52224K), 4 survivors (4096K)
 Metaspace       used 104771K, capacity 107813K, committed 108032K, reserved 1142784K
  class space    used 13785K, capacity 14970K, committed 15104K, reserved 1048576K
}
Event: 36.693 GC heap after
{Heap after GC invocations=81 (full 0):
 garbage-first heap   total 208896K, used 114067K [0x0000000080000000, 0x0000000100000000)
  region size 1024K, 7 young (7168K), 7 survivors (7168K)
 Metaspace       used 104771K, capacity 107813K, committed 108032K, reserved 1142784K
  class space    used 13785K, capacity 14970K, committed 15104K, reserved 1048576K
}
Event: 36.834 GC heap before
{Heap before GC invocations=81 (full 0):
 garbage-first heap   total 208896K, used 116115K [0x0000000080000000, 0x0000000100000000)
  region size 1024K, 11 young (11264K), 7 survivors (7168K)
 Metaspace       used 104780K, capacity 107814K, committed 108032K, reserved 1142784K
  class space    used 13785K, capacity 14970K, committed 15104K, reserved 1048576K
}
Event: 36.847 GC heap after
{Heap after GC invocations=82 (full 0):
 garbage-first heap   total 250880K, used 115934K [0x0000000080000000, 0x0000000100000000)
  region size 1024K, 2 young (2048K), 2 survivors (2048K)
 Metaspace       used 104780K, capacity 107814K, committed 108032K, reserved 1142784K
  class space    used 13785K, capacity 14970K, committed 15104K, reserved 1048576K
}

Deoptimization events (20 events):
Event: 38.916 Thread 0x0000027573688800 DEOPT PACKING pc=0x0000027562a31e64 sp=0x000000db272fbc80
Event: 38.916 Thread 0x0000027573688800 DEOPT UNPACKING pc=0x000002755af678af sp=0x000000db272fbc28 mode 2
Event: 38.916 Thread 0x0000027573688800 Uncommon trap: trap_request=0xffffffde fr.pc=0x0000027562a31e64 relative=0x00000000000001c4
Event: 38.916 Thread 0x0000027573688800 Uncommon trap: reason=class_check action=maybe_recompile pc=0x0000027562a31e64 method=java.lang.String.equals(Ljava/lang/Object;)Z @ 8 c2
Event: 38.917 Thread 0x0000027573688800 DEOPT PACKING pc=0x0000027562a31e64 sp=0x000000db272fbc80
Event: 38.917 Thread 0x0000027573688800 DEOPT UNPACKING pc=0x000002755af678af sp=0x000000db272fbc28 mode 2
Event: 38.918 Thread 0x0000027573688800 DEOPT PACKING pc=0x000002755d5239fd sp=0x000000db272fbc40
Event: 38.918 Thread 0x0000027573688800 DEOPT UNPACKING pc=0x000002755af676ce sp=0x000000db272fb108 mode 0
Event: 38.919 Thread 0x0000027573688800 Uncommon trap: trap_request=0xffffff4d fr.pc=0x0000027562fd120c relative=0x000000000000016c
Event: 38.919 Thread 0x0000027573688800 Uncommon trap: reason=unstable_if action=reinterpret pc=0x0000027562fd120c method=org.gradle.internal.io.StreamByteBuffer.prepareRead()I @ 30 c2
Event: 38.919 Thread 0x0000027573688800 DEOPT PACKING pc=0x0000027562fd120c sp=0x000000db272fd2e0
Event: 38.919 Thread 0x0000027573688800 DEOPT UNPACKING pc=0x000002755af678af sp=0x000000db272fd290 mode 2
Event: 38.929 Thread 0x0000027573688800 DEOPT PACKING pc=0x000002755d5239fd sp=0x000000db272fba60
Event: 38.929 Thread 0x0000027573688800 DEOPT UNPACKING pc=0x000002755af676ce sp=0x000000db272faf28 mode 0
Event: 38.931 Thread 0x0000027573688800 DEOPT PACKING pc=0x000002755d5239fd sp=0x000000db272fb870
Event: 38.931 Thread 0x0000027573688800 DEOPT UNPACKING pc=0x000002755af676ce sp=0x000000db272fad38 mode 0
Event: 38.935 Thread 0x0000027573688800 DEOPT PACKING pc=0x000002755d5239fd sp=0x000000db272fb490
Event: 38.935 Thread 0x0000027573688800 DEOPT UNPACKING pc=0x000002755af676ce sp=0x000000db272fa958 mode 0
Event: 38.939 Thread 0x0000027573688800 DEOPT PACKING pc=0x000002755d5239fd sp=0x000000db272fbb90
Event: 38.939 Thread 0x0000027573688800 DEOPT UNPACKING pc=0x000002755af676ce sp=0x000000db272fb058 mode 0

Classes redefined (0 events):
No events

Internal exceptions (20 events):
Event: 36.448 Thread 0x000002757896c000 Exception <a 'sun/nio/fs/WindowsException'{0x000000008a2ef090}> (0x000000008a2ef090) thrown at [./src/hotspot/share/prims/jni.cpp, line 615]
Event: 36.448 Thread 0x0000027578969000 Exception <a 'sun/nio/fs/WindowsException'{0x000000008a16ea18}> (0x000000008a16ea18) thrown at [./src/hotspot/share/prims/jni.cpp, line 615]
Event: 36.901 Thread 0x0000027578965000 Exception <a 'sun/nio/fs/WindowsException'{0x000000008f304020}> (0x000000008f304020) thrown at [./src/hotspot/share/prims/jni.cpp, line 615]
Event: 37.089 Thread 0x0000027577c52800 Exception <a 'sun/nio/fs/WindowsException'{0x000000008f2b6a70}> (0x000000008f2b6a70) thrown at [./src/hotspot/share/prims/jni.cpp, line 615]
Event: 37.089 Thread 0x0000027577c52800 Exception <a 'sun/nio/fs/WindowsException'{0x000000008f2b78e8}> (0x000000008f2b78e8) thrown at [./src/hotspot/share/prims/jni.cpp, line 615]
Event: 37.401 Thread 0x0000027577c52800 Exception <a 'java/lang/NoSuchMethodError'{0x000000008e906098}: <clinit>> (0x000000008e906098) thrown at [./src/hotspot/share/prims/jni.cpp, line 1362]
Event: 37.403 Thread 0x0000027577c52800 Exception <a 'java/lang/NoSuchMethodError'{0x000000008e918960}: <clinit>> (0x000000008e918960) thrown at [./src/hotspot/share/prims/jni.cpp, line 1362]
Event: 37.580 Thread 0x0000027578965800 Exception <a 'sun/nio/fs/WindowsException'{0x000000008e6e66f8}> (0x000000008e6e66f8) thrown at [./src/hotspot/share/prims/jni.cpp, line 615]
Event: 37.595 Thread 0x0000027578965800 Implicit null exception at 0x00000275630cfc0c to 0x00000275630d2520
Event: 37.714 Thread 0x0000027578965800 Exception <a 'java/lang/NoSuchMethodError'{0x000000008e2f0800}: 'java.lang.Object java.lang.invoke.DirectMethodHandle$Holder.invokeStatic(java.lang.Object, java.lang.Object, java.lang.Object, java.lang.Object, java.lang.Object, int, java.lang.Object)'> (0x000000008e2f0800) thrown at [./src/hotspot/share/interpreter/linkResolver.cpp, line 773]
Event: 37.807 Thread 0x0000027578965800 Exception <a 'java/lang/NoSuchMethodError'{0x000000008dedf108}: 'java.lang.Object java.lang.invoke.DirectMethodHandle$Holder.invokeStatic(java.lang.Object, java.lang.Object, java.lang.Object, java.lang.Object, java.lang.Object, java.lang.Object, java.lang.Object, int)'> (0x000000008dedf108) thrown at [./src/hotspot/share/interpreter/linkResolver.cpp, line 773]
Event: 37.807 Thread 0x0000027578965800 Exception <a 'java/lang/NoSuchMethodError'{0x000000008dee3540}: 'java.lang.Object java.lang.invoke.DirectMethodHandle$Holder.invokeSpecial(java.lang.Object, java.lang.Object, java.lang.Object, java.lang.Object, java.lang.Object, java.lang.Object, java.lang.Object, java.lang.Object, int)'> (0x000000008dee3540) thrown at [./src/hotspot/share/interpreter/linkResolver.cpp, line 773]
Event: 37.808 Thread 0x0000027578965800 Exception <a 'java/lang/NoSuchMethodError'{0x000000008dee7548}: 'java.lang.Object java.lang.invoke.Invokers$Holder.linkToTargetMethod(java.lang.Object, java.lang.Object, java.lang.Object, java.lang.Object, java.lang.Object, java.lang.Object, int, java.lang.Object)'> (0x000000008dee7548) thrown at [./src/hotspot/share/interpreter/linkResolver.cpp, line 773]
Event: 38.091 Thread 0x0000027578965800 Exception <a 'sun/nio/fs/WindowsException'{0x000000008d6d14c8}> (0x000000008d6d14c8) thrown at [./src/hotspot/share/prims/jni.cpp, line 615]
Event: 38.092 Thread 0x0000027578965800 Exception <a 'sun/nio/fs/WindowsException'{0x000000008d6d1548}> (0x000000008d6d1548) thrown at [./src/hotspot/share/prims/jni.cpp, line 615]
Event: 38.693 Thread 0x0000027578965800 Exception <a 'java/lang/ClassNotFoundException'{0x000000008d0535d0}: sun/misc/SharedSecrets> (0x000000008d0535d0) thrown at [./src/hotspot/share/classfile/systemDictionary.cpp, line 231]
Event: 38.758 Thread 0x0000027574749000 Exception <a 'java/lang/NoSuchMethodError'{0x000000008cd96a38}: <clinit>> (0x000000008cd96a38) thrown at [./src/hotspot/share/prims/jni.cpp, line 1362]
Event: 38.764 Thread 0x0000027574749000 Exception <a 'java/lang/NoSuchMethodError'{0x000000008cdb1c80}: <clinit>> (0x000000008cdb1c80) thrown at [./src/hotspot/share/prims/jni.cpp, line 1362]
Event: 38.853 Thread 0x0000027573688800 Exception <a 'java/lang/NoSuchMethodError'{0x000000008cb31088}: 'java.lang.Object java.lang.invoke.DirectMethodHandle$Holder.invokeSpecial(java.lang.Object, java.lang.Object, java.lang.Object, java.lang.Object, int, java.lang.Object, java.lang.Object)'> (0x000000008cb31088) thrown at [./src/hotspot/share/interpreter/linkResolver.cpp, line 773]
Event: 38.894 Thread 0x0000027573688800 Implicit null exception at 0x000002756304b92f to 0x000002756304b97c

Events (20 events):
Event: 38.959 Executing VM operation: RevokeBias
Event: 38.959 Executing VM operation: RevokeBias done
Event: 38.959 Executing VM operation: RevokeBias
Event: 38.959 Executing VM operation: RevokeBias done
Event: 38.959 Executing VM operation: RevokeBias
Event: 38.960 Executing VM operation: RevokeBias done
Event: 38.960 Executing VM operation: RevokeBias
Event: 38.960 Executing VM operation: RevokeBias done
Event: 38.960 Executing VM operation: RevokeBias
Event: 38.960 Executing VM operation: RevokeBias done
Event: 38.960 Executing VM operation: RevokeBias
Event: 38.961 Executing VM operation: RevokeBias done
Event: 38.961 Thread 0x00000275758cc000 Thread exited: 0x00000275758cc000
Event: 38.961 loading class org/gradle/cache/internal/DefaultMultiProcessSafePersistentIndexedCache
Event: 38.961 loading class org/gradle/cache/internal/DefaultMultiProcessSafePersistentIndexedCache done
Event: 38.961 Executing VM operation: RevokeBias
Event: 38.962 Executing VM operation: RevokeBias done
Event: 38.964 Executing VM operation: RevokeBias
Event: 38.964 Executing VM operation: RevokeBias done
Event: 38.964 Executing VM operation: RevokeBias


Dynamic libraries:
0x00007ff73d260000 - 0x00007ff73d26a000 	C:\Program Files\Android\Android Studio\jre\bin\java.exe
0x00007ffb9a490000 - 0x00007ffb9a685000 	C:\Windows\SYSTEM32\ntdll.dll
0x00007ffb99d50000 - 0x00007ffb99e0e000 	C:\Windows\System32\KERNEL32.DLL
0x00007ffb980a0000 - 0x00007ffb98369000 	C:\Windows\System32\KERNELBASE.dll
0x00007ffb97ee0000 - 0x00007ffb97fe0000 	C:\Windows\System32\ucrtbase.dll
0x00007ffb89a10000 - 0x00007ffb89a27000 	C:\Program Files\Android\Android Studio\jre\bin\VCRUNTIME140.dll
0x00007ffb91500000 - 0x00007ffb91519000 	C:\Program Files\Android\Android Studio\jre\bin\jli.dll
0x00007ffb9a240000 - 0x00007ffb9a3e1000 	C:\Windows\System32\USER32.dll
0x00007ffb87110000 - 0x00007ffb873aa000 	C:\Windows\WinSxS\amd64_microsoft.windows.common-controls_6595b64144ccf1df_6.0.19041.1110_none_60b5254171f9507e\COMCTL32.dll
0x00007ffb97eb0000 - 0x00007ffb97ed2000 	C:\Windows\System32\win32u.dll
0x00007ffb98800000 - 0x00007ffb9889e000 	C:\Windows\System32\msvcrt.dll
0x00007ffb99260000 - 0x00007ffb9928b000 	C:\Windows\System32\GDI32.dll
0x00007ffb983d0000 - 0x00007ffb984db000 	C:\Windows\System32\gdi32full.dll
0x00007ffb97bb0000 - 0x00007ffb97c4d000 	C:\Windows\System32\msvcp_win.dll
0x00007ffb98c20000 - 0x00007ffb98c50000 	C:\Windows\System32\IMM32.DLL
0x00007ffb6d380000 - 0x00007ffb6d41d000 	C:\Program Files\Android\Android Studio\jre\bin\msvcp140.dll
0x00007ffb3e3d0000 - 0x00007ffb3ee9f000 	C:\Program Files\Android\Android Studio\jre\bin\server\jvm.dll
0x00007ffb99130000 - 0x00007ffb991dc000 	C:\Windows\System32\ADVAPI32.dll
0x00007ffb98760000 - 0x00007ffb987fb000 	C:\Windows\System32\sechost.dll
0x00007ffb99f40000 - 0x00007ffb9a06a000 	C:\Windows\System32\RPCRT4.dll
0x00007ffb9a230000 - 0x00007ffb9a238000 	C:\Windows\System32\PSAPI.DLL
0x00007ffb699f0000 - 0x00007ffb699f9000 	C:\Windows\SYSTEM32\WSOCK32.dll
0x00007ffb8d3f0000 - 0x00007ffb8d417000 	C:\Windows\SYSTEM32\WINMM.dll
0x00007ffb99ce0000 - 0x00007ffb99d4b000 	C:\Windows\System32\WS2_32.dll
0x00007ffb8d420000 - 0x00007ffb8d42a000 	C:\Windows\SYSTEM32\VERSION.dll
0x00007ffb96430000 - 0x00007ffb96442000 	C:\Windows\SYSTEM32\kernel.appcore.dll
0x00007ffb92e00000 - 0x00007ffb92e11000 	C:\Program Files\Android\Android Studio\jre\bin\verify.dll
0x00007ffb72e60000 - 0x00007ffb73044000 	C:\Windows\SYSTEM32\DBGHELP.DLL
0x00007ffb72e10000 - 0x00007ffb72e3c000 	C:\Windows\SYSTEM32\dbgcore.DLL
0x00007ffb98010000 - 0x00007ffb98093000 	C:\Windows\System32\bcryptPrimitives.dll
0x00007ffb90390000 - 0x00007ffb903b9000 	C:\Program Files\Android\Android Studio\jre\bin\java.dll
0x00007ffb935a0000 - 0x00007ffb935ab000 	C:\Program Files\Android\Android Studio\jre\bin\jimage.dll
0x00007ffb91ad0000 - 0x00007ffb91ae8000 	C:\Program Files\Android\Android Studio\jre\bin\zip.dll
0x00007ffb995a0000 - 0x00007ffb99cdf000 	C:\Windows\System32\SHELL32.dll
0x00007ffb95c60000 - 0x00007ffb963f0000 	C:\Windows\SYSTEM32\windows.storage.dll
0x00007ffb988a0000 - 0x00007ffb98bf5000 	C:\Windows\System32\combase.dll
0x00007ffb97530000 - 0x00007ffb9755c000 	C:\Windows\SYSTEM32\Wldp.dll
0x00007ffb9a070000 - 0x00007ffb9a11d000 	C:\Windows\System32\SHCORE.dll
0x00007ffb9a120000 - 0x00007ffb9a175000 	C:\Windows\System32\shlwapi.dll
0x00007ffb97af0000 - 0x00007ffb97b0f000 	C:\Windows\SYSTEM32\profapi.dll
0x00007ffb90b70000 - 0x00007ffb90b8a000 	C:\Program Files\Android\Android Studio\jre\bin\net.dll
0x00007ffb8a780000 - 0x00007ffb8a888000 	C:\Windows\SYSTEM32\WINHTTP.dll
0x00007ffb97290000 - 0x00007ffb972fa000 	C:\Windows\system32\mswsock.dll
0x00007ffb90370000 - 0x00007ffb90384000 	C:\Program Files\Android\Android Studio\jre\bin\nio.dll
0x00007ffb84630000 - 0x00007ffb84657000 	C:\Users\Jhon Bartolo\.gradle\native\8bec1ad78214c89d9ad589b4d07fe93259594b29d510b10fafb7a158f7737e5d\windows-amd64\native-platform.dll
0x00007ffb51d50000 - 0x00007ffb51e8d000 	C:\Users\Jhon Bartolo\.gradle\native\53dbd7edfb1c66fb8903c78663c9afc45aea4f116125fa6feffd364cf09443e8\windows-amd64\native-platform-file-events.dll
0x00007ffb92df0000 - 0x00007ffb92dfa000 	C:\Program Files\Android\Android Studio\jre\bin\management.dll
0x00007ffb91960000 - 0x00007ffb9196c000 	C:\Program Files\Android\Android Studio\jre\bin\management_ext.dll
0x00007ffb97480000 - 0x00007ffb97498000 	C:\Windows\SYSTEM32\CRYPTSP.dll
0x00007ffb96c10000 - 0x00007ffb96c44000 	C:\Windows\system32\rsaenh.dll
0x00007ffb97fe0000 - 0x00007ffb98007000 	C:\Windows\System32\bcrypt.dll
0x00007ffb97ab0000 - 0x00007ffb97ade000 	C:\Windows\SYSTEM32\USERENV.dll
0x00007ffb974a0000 - 0x00007ffb974ac000 	C:\Windows\SYSTEM32\CRYPTBASE.dll
0x00007ffb96f80000 - 0x00007ffb96fbb000 	C:\Windows\SYSTEM32\IPHLPAPI.DLL
0x00007ffb99300000 - 0x00007ffb99308000 	C:\Windows\System32\NSI.dll
0x00007ffb8ee00000 - 0x00007ffb8ee17000 	C:\Windows\SYSTEM32\dhcpcsvc6.DLL
0x00007ffb8fd00000 - 0x00007ffb8fd1d000 	C:\Windows\SYSTEM32\dhcpcsvc.DLL
0x00007ffb96fc0000 - 0x00007ffb9708c000 	C:\Windows\SYSTEM32\DNSAPI.dll
0x00007ffb846f0000 - 0x00007ffb84717000 	C:\Program Files\Android\Android Studio\jre\bin\sunec.dll

dbghelp: loaded successfully - version: 4.0.5 - missing functions: none
symbol engine: initialized successfully - sym options: 0x614 - pdb path: .;C:\Program Files\Android\Android Studio\jre\bin;C:\Windows\SYSTEM32;C:\Windows\WinSxS\amd64_microsoft.windows.common-controls_6595b64144ccf1df_6.0.19041.1110_none_60b5254171f9507e;C:\Program Files\Android\Android Studio\jre\bin\server;C:\Users\Jhon Bartolo\.gradle\native\8bec1ad78214c89d9ad589b4d07fe93259594b29d510b10fafb7a158f7737e5d\windows-amd64;C:\Users\Jhon Bartolo\.gradle\native\53dbd7edfb1c66fb8903c78663c9afc45aea4f116125fa6feffd364cf09443e8\windows-amd64

VM Arguments:
jvm_args: --add-opens=java.base/java.util=ALL-UNNAMED --add-opens=java.base/java.lang=ALL-UNNAMED --add-opens=java.base/java.lang.invoke=ALL-UNNAMED --add-opens=java.base/java.util=ALL-UNNAMED --add-opens=java.prefs/java.util.prefs=ALL-UNNAMED --add-opens=java.prefs/java.util.prefs=ALL-UNNAMED --add-opens=java.base/java.nio.charset=ALL-UNNAMED --add-opens=java.base/java.net=ALL-UNNAMED --add-opens=java.base/java.util.concurrent.atomic=ALL-UNNAMED -Xmx2048m -Dfile.encoding=UTF-8 -Duser.country=CO -Duser.language=es -Duser.variant 
java_command: org.gradle.launcher.daemon.bootstrap.GradleDaemon 7.0.2
java_class_path (initial): C:\Users\Jhon Bartolo\.gradle\wrapper\dists\gradle-7.0.2-bin\857tjihv64xamwrf0h14cai3r\gradle-7.0.2\lib\gradle-launcher-7.0.2.jar
Launcher Type: SUN_STANDARD

[Global flags]
     intx CICompilerCount                          = 4                                         {product} {ergonomic}
     uint ConcGCThreads                            = 2                                         {product} {ergonomic}
     uint G1ConcRefinementThreads                  = 8                                         {product} {ergonomic}
   size_t G1HeapRegionSize                         = 1048576                                   {product} {ergonomic}
    uintx GCDrainStackTargetSize                   = 64                                        {product} {ergonomic}
   size_t InitialHeapSize                          = 100663296                                 {product} {ergonomic}
   size_t MarkStackSize                            = 4194304                                   {product} {ergonomic}
   size_t MaxHeapSize                              = 2147483648                                {product} {command line}
   size_t MaxNewSize                               = 1287651328                                {product} {ergonomic}
   size_t MinHeapDeltaBytes                        = 1048576                                   {product} {ergonomic}
    uintx NonNMethodCodeHeapSize                   = 5836300                                {pd product} {ergonomic}
    uintx NonProfiledCodeHeapSize                  = 122910970                              {pd product} {ergonomic}
    uintx ProfiledCodeHeapSize                     = 122910970                              {pd product} {ergonomic}
    uintx ReservedCodeCacheSize                    = 251658240                              {pd product} {ergonomic}
     bool SegmentedCodeCache                       = true                                      {product} {ergonomic}
     bool UseCompressedClassPointers               = true                                 {lp64_product} {ergonomic}
     bool UseCompressedOops                        = true                                 {lp64_product} {ergonomic}
     bool UseG1GC                                  = true                                      {product} {ergonomic}
     bool UseLargePagesIndividualAllocation        = false                                  {pd product} {ergonomic}

Logging:
Log output configuration:
 #0: stdout all=warning uptime,level,tags
 #1: stderr all=off uptime,level,tags

Environment Variables:
PATH=C:\Program Files\Common Files\Oracle\Java\javapath;C:\ProgramData\Oracle\Java\javapath;C:\Program Files (x86)\Embarcadero\Studio\17.0\bin;C:\Users\Public\Documents\Embarcadero\Studio\17.0\Bpl;C:\Program Files (x86)\Embarcadero\Studio\17.0\bin64;C:\Users\Public\Documents\Embarcadero\Studio\17.0\Bpl\Win64;C:\Windows\system32;C:\Windows;C:\Windows\System32\Wbem;C:\Windows\System32\WindowsPowerShell\v1.0\;C:\Windows\System32\OpenSSH\;C:\Program Files (x86)\Common Files\Tom Sawyer Software\8.0.0;C:\Program Files (x86)\Windows Kits\10\Windows Performance Toolkit\;C:\Program Files\Microsoft SQL Server\Client SDK\ODBC\170\Tools\Binn\;C:\Program Files (x86)\Microsoft SQL Server\150\DTS\Binn\;C:\Program Files\Azure Data Studio\bin;C:\xampp\php;C:\Program Files\dotnet\;C:\Program Files\Microsoft SQL Server\130\Tools\Binn\;C:\ProgramData\chocolatey\bin;C:\tools\php80;C:\Program Files\nodejs\;C:\ProgramData\ComposerSetup\bin;C:\Users\Jhon Bartolo\AppData\Roaming\Composer\vendor\bin;C:\Program Files (x86)\Microsoft SQL Server\150\Tools\Binn\;C:\Program Files\Microsoft SQL Server\150\Tools\Binn\;C:\Program Files\Microsoft SQL Server\150\DTS\Binn\;C:\Program Files (x86)\dotnet\;C:\Program Files\Git\cmd;C:\Users\Jhon Bartolo\AppData\Local\Microsoft\WindowsApps;C:\Users\Jhon Bartolo\AppData\Local\Programs\Microsoft VS Code\bin;C:\Program Files\Azure Data Studio\bin;C:\Users\Jhon Bartolo\AppData\Roaming\Composer\vendor\bin;C:\Users\Jhon Bartolo\.dotnet\tools;C:\Users\Jhon Bartolo\AppData\Roaming\npm;C:\Users\Jhon Bartolo\AppData\Local\GitHubDesktop\bin
USERNAME=Jhon Bartolo
OS=Windows_NT
PROCESSOR_IDENTIFIER=AMD64 Family 23 Model 24 Stepping 1, AuthenticAMD



---------------  S Y S T E M  ---------------

OS: Windows 10 , 64 bit Build 19041 (10.0.19041.1202)
OS uptime: 8 days 0:11 hours

CPU:total 8 (initial active 8) (8 cores per cpu, 2 threads per core) family 23 model 24 stepping 1 microcode 0x0, cmov, cx8, fxsr, mmx, sse, sse2, sse3, ssse3, sse4.1, sse4.2, popcnt, avx, avx2, aes, clmul, mmxext, 3dnowpref, lzcnt, sse4a, ht, tsc, tscinvbit, tscinv, bmi1, bmi2, adx, s

Memory: 4k page, system-wide physical 6019M (329M free)
TotalPageFile size 24451M (AvailPageFile size 0M)
current process WorkingSet (physical memory assigned to process): 501M, peak: 502M
current process commit charge ("private bytes"): 592M, peak: 598M

vm_info: OpenJDK 64-Bit Server VM (11.0.10+0-b96-7249189) for windows-amd64 JRE (11.0.10+0-b96-7249189), built on Mar 31 2021 21:44:00 by "builder" with MS VC++ 14.0 (VS2015)

END.
